<?xml version="1.0" encoding="UTF-8"?>
<!-- Generated by org.testng.reporters.JUnitReportReporter -->
<testsuite skipped="0" hostname="DESKTOP-HUU2HJG" name="com.inetBanking.testCases.TC_LoginPage_001" tests="1" failures="0" timestamp="2019-12-18T13:40:01 IST" time="4.955" errors="0">
  <testcase name="loginTest" time="4.955" classname="com.inetBanking.testCases.TC_LoginPage_001"/>
</testsuite> <!-- com.inetBanking.testCases.TC_LoginPage_001 -->
